Simulator report for SELECTlap
Thu Dec 19 19:54:33 2019
Quartus II 64-Bit Version 13.0.1 Build 232 06/12/2013 Service Pack 1 SJ Full Version


---------------------
; Table of Contents ;
---------------------
  1. Legal Notice
  2. Simulator Summary
  3. Simulator Settings
  4. Simulation Waveforms
  5. Coverage Summary
  6. Complete 1/0-Value Coverage
  7. Missing 1-Value Coverage
  8. Missing 0-Value Coverage
  9. Simulator INI Usage
 10. Simulator Messages



----------------
; Legal Notice ;
----------------
Copyright (C) 1991-2013 Altera Corporation
Your use of Altera Corporation's design tools, logic functions 
and other software and tools, and its AMPP partner logic 
functions, and any output files from any of the foregoing 
(including device programming or simulation files), and any 
associated documentation or information are expressly subject 
to the terms and conditions of the Altera Program License 
Subscription Agreement, Altera MegaCore Function License 
Agreement, or other applicable license agreement, including, 
without limitation, that your use is for the sole purpose of 
programming logic devices manufactured by Altera and sold by 
Altera or its authorized distributors.  Please refer to the 
applicable agreement for further details.



+--------------------------------------------+
; Simulator Summary                          ;
+-----------------------------+--------------+
; Type                        ; Value        ;
+-----------------------------+--------------+
; Simulation Start Time       ; 0 ps         ;
; Simulation End Time         ; 1.0 us       ;
; Simulation Netlist Size     ; 231 nodes    ;
; Simulation Coverage         ;      90.91 % ;
; Total Number of Transitions ; 16182        ;
; Simulation Breakpoints      ; 0            ;
; Family                      ; Cyclone      ;
+-----------------------------+--------------+


+---------------------------------------------------------------------------------------------------------------------------------------------------------------------------------+
; Simulator Settings                                                                                                                                                              ;
+--------------------------------------------------------------------------------------------+--------------------------------------------------------------------+---------------+
; Option                                                                                     ; Setting                                                            ; Default Value ;
+--------------------------------------------------------------------------------------------+--------------------------------------------------------------------+---------------+
; Simulation mode                                                                            ; Functional                                                         ; Timing        ;
; Start time                                                                                 ; 0 ns                                                               ; 0 ns          ;
; Simulation results format                                                                  ; VWF                                                                ;               ;
; Vector input source                                                                        ; C:/Users/lap/Downloads/Quartus/Projects/CPU/SELETlap/SELECTlap.vwf ;               ;
; Add pins automatically to simulation output waveforms                                      ; On                                                                 ; On            ;
; Check outputs                                                                              ; Off                                                                ; Off           ;
; Report simulation coverage                                                                 ; On                                                                 ; On            ;
; Display complete 1/0 value coverage report                                                 ; On                                                                 ; On            ;
; Display missing 1-value coverage report                                                    ; On                                                                 ; On            ;
; Display missing 0-value coverage report                                                    ; On                                                                 ; On            ;
; Detect setup and hold time violations                                                      ; Off                                                                ; Off           ;
; Detect glitches                                                                            ; Off                                                                ; Off           ;
; Disable timing delays in Timing Simulation                                                 ; Off                                                                ; Off           ;
; Generate Signal Activity File                                                              ; Off                                                                ; Off           ;
; Generate VCD File for PowerPlay Power Analyzer                                             ; Off                                                                ; Off           ;
; Group bus channels in simulation results                                                   ; Off                                                                ; Off           ;
; Preserve fewer signal transitions to reduce memory requirements                            ; On                                                                 ; On            ;
; Trigger vector comparison with the specified mode                                          ; INPUT_EDGE                                                         ; INPUT_EDGE    ;
; Disable setup and hold time violations detection in input registers of bi-directional pins ; Off                                                                ; Off           ;
; Overwrite Waveform Inputs With Simulation Outputs                                          ; Off                                                                ;               ;
; Perform Glitch Filtering in Timing Simulation                                              ; Auto                                                               ; Auto          ;
+--------------------------------------------------------------------------------------------+--------------------------------------------------------------------+---------------+


+----------------------+
; Simulation Waveforms ;
+----------------------+
Waveform report data cannot be output to ASCII.
Please use Quartus II 64-Bit to view the waveform report data.


+--------------------------------------------------------------------+
; Coverage Summary                                                   ;
+-----------------------------------------------------+--------------+
; Type                                                ; Value        ;
+-----------------------------------------------------+--------------+
; Total coverage as a percentage                      ;      90.91 % ;
; Total nodes checked                                 ; 231          ;
; Total output ports checked                          ; 231          ;
; Total output ports with complete 1/0-value coverage ; 210          ;
; Total output ports with no 1/0-value coverage       ; 16           ;
; Total output ports with no 1-value coverage         ; 19           ;
; Total output ports with no 0-value coverage         ; 18           ;
+-----------------------------------------------------+--------------+


The following table displays output ports that toggle between 1 and 0 during simulation.
+------------------------------------------------------------------------------------------------------------------------------------------------------+
; Complete 1/0-Value Coverage                                                                                                                          ;
+-----------------------------------------------------------------+-----------------------------------------------------------------+------------------+
; Node Name                                                       ; Output Port Name                                                ; Output Port Type ;
+-----------------------------------------------------------------+-----------------------------------------------------------------+------------------+
; |SELECTlap|out1[0]~1                                            ; |SELECTlap|out1[0]~1                                            ; out              ;
; |SELECTlap|out1[2]~3                                            ; |SELECTlap|out1[2]~3                                            ; out              ;
; |SELECTlap|out1[3]~4                                            ; |SELECTlap|out1[3]~4                                            ; out              ;
; |SELECTlap|out1[4]~5                                            ; |SELECTlap|out1[4]~5                                            ; out              ;
; |SELECTlap|out1[5]~6                                            ; |SELECTlap|out1[5]~6                                            ; out              ;
; |SELECTlap|out1[6]~7                                            ; |SELECTlap|out1[6]~7                                            ; out              ;
; |SELECTlap|out1[7]~8                                            ; |SELECTlap|out1[7]~8                                            ; out              ;
; |SELECTlap|MADD[0]                                              ; |SELECTlap|MADD[0]                                              ; out              ;
; |SELECTlap|MADD[1]                                              ; |SELECTlap|MADD[1]                                              ; out              ;
; |SELECTlap|PCi[0]                                               ; |SELECTlap|PCi[0]                                               ; out              ;
; |SELECTlap|PCi[1]                                               ; |SELECTlap|PCi[1]                                               ; out              ;
; |SELECTlap|PCi[2]                                               ; |SELECTlap|PCi[2]                                               ; out              ;
; |SELECTlap|PCi[3]                                               ; |SELECTlap|PCi[3]                                               ; out              ;
; |SELECTlap|PCi[4]                                               ; |SELECTlap|PCi[4]                                               ; out              ;
; |SELECTlap|PCi[5]                                               ; |SELECTlap|PCi[5]                                               ; out              ;
; |SELECTlap|Ai[0]                                                ; |SELECTlap|Ai[0]                                                ; out              ;
; |SELECTlap|Ai[1]                                                ; |SELECTlap|Ai[1]                                                ; out              ;
; |SELECTlap|Ai[2]                                                ; |SELECTlap|Ai[2]                                                ; out              ;
; |SELECTlap|Ai[3]                                                ; |SELECTlap|Ai[3]                                                ; out              ;
; |SELECTlap|Ai[4]                                                ; |SELECTlap|Ai[4]                                                ; out              ;
; |SELECTlap|Ai[5]                                                ; |SELECTlap|Ai[5]                                                ; out              ;
; |SELECTlap|Ai[6]                                                ; |SELECTlap|Ai[6]                                                ; out              ;
; |SELECTlap|Bi[0]                                                ; |SELECTlap|Bi[0]                                                ; out              ;
; |SELECTlap|Bi[1]                                                ; |SELECTlap|Bi[1]                                                ; out              ;
; |SELECTlap|Bi[2]                                                ; |SELECTlap|Bi[2]                                                ; out              ;
; |SELECTlap|Bi[3]                                                ; |SELECTlap|Bi[3]                                                ; out              ;
; |SELECTlap|Bi[4]                                                ; |SELECTlap|Bi[4]                                                ; out              ;
; |SELECTlap|Bi[5]                                                ; |SELECTlap|Bi[5]                                                ; out              ;
; |SELECTlap|Bi[6]                                                ; |SELECTlap|Bi[6]                                                ; out              ;
; |SELECTlap|out1[0]                                              ; |SELECTlap|out1[0]                                              ; pin_out          ;
; |SELECTlap|out1[2]                                              ; |SELECTlap|out1[2]                                              ; pin_out          ;
; |SELECTlap|out1[3]                                              ; |SELECTlap|out1[3]                                              ; pin_out          ;
; |SELECTlap|out1[4]                                              ; |SELECTlap|out1[4]                                              ; pin_out          ;
; |SELECTlap|out1[5]                                              ; |SELECTlap|out1[5]                                              ; pin_out          ;
; |SELECTlap|out1[6]                                              ; |SELECTlap|out1[6]                                              ; pin_out          ;
; |SELECTlap|out1[7]                                              ; |SELECTlap|out1[7]                                              ; pin_out          ;
; |SELECTlap|lpm_mux:Mux8|mux_cfc:auto_generated|_~0              ; |SELECTlap|lpm_mux:Mux8|mux_cfc:auto_generated|_~0              ; out0             ;
; |SELECTlap|lpm_mux:Mux8|mux_cfc:auto_generated|_~1              ; |SELECTlap|lpm_mux:Mux8|mux_cfc:auto_generated|_~1              ; out0             ;
; |SELECTlap|lpm_mux:Mux8|mux_cfc:auto_generated|_~2              ; |SELECTlap|lpm_mux:Mux8|mux_cfc:auto_generated|_~2              ; out0             ;
; |SELECTlap|lpm_mux:Mux8|mux_cfc:auto_generated|_~3              ; |SELECTlap|lpm_mux:Mux8|mux_cfc:auto_generated|_~3              ; out0             ;
; |SELECTlap|lpm_mux:Mux8|mux_cfc:auto_generated|_~4              ; |SELECTlap|lpm_mux:Mux8|mux_cfc:auto_generated|_~4              ; out0             ;
; |SELECTlap|lpm_mux:Mux8|mux_cfc:auto_generated|_~6              ; |SELECTlap|lpm_mux:Mux8|mux_cfc:auto_generated|_~6              ; out0             ;
; |SELECTlap|lpm_mux:Mux8|mux_cfc:auto_generated|_~7              ; |SELECTlap|lpm_mux:Mux8|mux_cfc:auto_generated|_~7              ; out0             ;
; |SELECTlap|lpm_mux:Mux8|mux_cfc:auto_generated|_~8              ; |SELECTlap|lpm_mux:Mux8|mux_cfc:auto_generated|_~8              ; out0             ;
; |SELECTlap|lpm_mux:Mux8|mux_cfc:auto_generated|result_node[0]~0 ; |SELECTlap|lpm_mux:Mux8|mux_cfc:auto_generated|result_node[0]~0 ; out0             ;
; |SELECTlap|lpm_mux:Mux8|mux_cfc:auto_generated|_~9              ; |SELECTlap|lpm_mux:Mux8|mux_cfc:auto_generated|_~9              ; out0             ;
; |SELECTlap|lpm_mux:Mux8|mux_cfc:auto_generated|_~10             ; |SELECTlap|lpm_mux:Mux8|mux_cfc:auto_generated|_~10             ; out0             ;
; |SELECTlap|lpm_mux:Mux8|mux_cfc:auto_generated|_~11             ; |SELECTlap|lpm_mux:Mux8|mux_cfc:auto_generated|_~11             ; out0             ;
; |SELECTlap|lpm_mux:Mux8|mux_cfc:auto_generated|_~12             ; |SELECTlap|lpm_mux:Mux8|mux_cfc:auto_generated|_~12             ; out0             ;
; |SELECTlap|lpm_mux:Mux8|mux_cfc:auto_generated|_~14             ; |SELECTlap|lpm_mux:Mux8|mux_cfc:auto_generated|_~14             ; out0             ;
; |SELECTlap|lpm_mux:Mux8|mux_cfc:auto_generated|_~15             ; |SELECTlap|lpm_mux:Mux8|mux_cfc:auto_generated|_~15             ; out0             ;
; |SELECTlap|lpm_mux:Mux8|mux_cfc:auto_generated|_~16             ; |SELECTlap|lpm_mux:Mux8|mux_cfc:auto_generated|_~16             ; out0             ;
; |SELECTlap|lpm_mux:Mux8|mux_cfc:auto_generated|_~17             ; |SELECTlap|lpm_mux:Mux8|mux_cfc:auto_generated|_~17             ; out0             ;
; |SELECTlap|lpm_mux:Mux8|mux_cfc:auto_generated|result_node[0]~1 ; |SELECTlap|lpm_mux:Mux8|mux_cfc:auto_generated|result_node[0]~1 ; out0             ;
; |SELECTlap|lpm_mux:Mux8|mux_cfc:auto_generated|result_node[0]   ; |SELECTlap|lpm_mux:Mux8|mux_cfc:auto_generated|result_node[0]   ; out0             ;
; |SELECTlap|lpm_mux:Mux7|mux_cfc:auto_generated|_~0              ; |SELECTlap|lpm_mux:Mux7|mux_cfc:auto_generated|_~0              ; out0             ;
; |SELECTlap|lpm_mux:Mux7|mux_cfc:auto_generated|_~1              ; |SELECTlap|lpm_mux:Mux7|mux_cfc:auto_generated|_~1              ; out0             ;
; |SELECTlap|lpm_mux:Mux7|mux_cfc:auto_generated|_~3              ; |SELECTlap|lpm_mux:Mux7|mux_cfc:auto_generated|_~3              ; out0             ;
; |SELECTlap|lpm_mux:Mux7|mux_cfc:auto_generated|_~5              ; |SELECTlap|lpm_mux:Mux7|mux_cfc:auto_generated|_~5              ; out0             ;
; |SELECTlap|lpm_mux:Mux7|mux_cfc:auto_generated|_~6              ; |SELECTlap|lpm_mux:Mux7|mux_cfc:auto_generated|_~6              ; out0             ;
; |SELECTlap|lpm_mux:Mux7|mux_cfc:auto_generated|_~7              ; |SELECTlap|lpm_mux:Mux7|mux_cfc:auto_generated|_~7              ; out0             ;
; |SELECTlap|lpm_mux:Mux7|mux_cfc:auto_generated|_~8              ; |SELECTlap|lpm_mux:Mux7|mux_cfc:auto_generated|_~8              ; out0             ;
; |SELECTlap|lpm_mux:Mux7|mux_cfc:auto_generated|result_node[0]~0 ; |SELECTlap|lpm_mux:Mux7|mux_cfc:auto_generated|result_node[0]~0 ; out0             ;
; |SELECTlap|lpm_mux:Mux7|mux_cfc:auto_generated|_~9              ; |SELECTlap|lpm_mux:Mux7|mux_cfc:auto_generated|_~9              ; out0             ;
; |SELECTlap|lpm_mux:Mux7|mux_cfc:auto_generated|_~11             ; |SELECTlap|lpm_mux:Mux7|mux_cfc:auto_generated|_~11             ; out0             ;
; |SELECTlap|lpm_mux:Mux7|mux_cfc:auto_generated|_~13             ; |SELECTlap|lpm_mux:Mux7|mux_cfc:auto_generated|_~13             ; out0             ;
; |SELECTlap|lpm_mux:Mux7|mux_cfc:auto_generated|_~14             ; |SELECTlap|lpm_mux:Mux7|mux_cfc:auto_generated|_~14             ; out0             ;
; |SELECTlap|lpm_mux:Mux7|mux_cfc:auto_generated|_~15             ; |SELECTlap|lpm_mux:Mux7|mux_cfc:auto_generated|_~15             ; out0             ;
; |SELECTlap|lpm_mux:Mux7|mux_cfc:auto_generated|_~16             ; |SELECTlap|lpm_mux:Mux7|mux_cfc:auto_generated|_~16             ; out0             ;
; |SELECTlap|lpm_mux:Mux7|mux_cfc:auto_generated|_~17             ; |SELECTlap|lpm_mux:Mux7|mux_cfc:auto_generated|_~17             ; out0             ;
; |SELECTlap|lpm_mux:Mux7|mux_cfc:auto_generated|result_node[0]~1 ; |SELECTlap|lpm_mux:Mux7|mux_cfc:auto_generated|result_node[0]~1 ; out0             ;
; |SELECTlap|lpm_mux:Mux7|mux_cfc:auto_generated|result_node[0]   ; |SELECTlap|lpm_mux:Mux7|mux_cfc:auto_generated|result_node[0]   ; out0             ;
; |SELECTlap|lpm_mux:Mux6|mux_cfc:auto_generated|_~0              ; |SELECTlap|lpm_mux:Mux6|mux_cfc:auto_generated|_~0              ; out0             ;
; |SELECTlap|lpm_mux:Mux6|mux_cfc:auto_generated|_~1              ; |SELECTlap|lpm_mux:Mux6|mux_cfc:auto_generated|_~1              ; out0             ;
; |SELECTlap|lpm_mux:Mux6|mux_cfc:auto_generated|_~2              ; |SELECTlap|lpm_mux:Mux6|mux_cfc:auto_generated|_~2              ; out0             ;
; |SELECTlap|lpm_mux:Mux6|mux_cfc:auto_generated|_~3              ; |SELECTlap|lpm_mux:Mux6|mux_cfc:auto_generated|_~3              ; out0             ;
; |SELECTlap|lpm_mux:Mux6|mux_cfc:auto_generated|_~4              ; |SELECTlap|lpm_mux:Mux6|mux_cfc:auto_generated|_~4              ; out0             ;
; |SELECTlap|lpm_mux:Mux6|mux_cfc:auto_generated|_~5              ; |SELECTlap|lpm_mux:Mux6|mux_cfc:auto_generated|_~5              ; out0             ;
; |SELECTlap|lpm_mux:Mux6|mux_cfc:auto_generated|_~6              ; |SELECTlap|lpm_mux:Mux6|mux_cfc:auto_generated|_~6              ; out0             ;
; |SELECTlap|lpm_mux:Mux6|mux_cfc:auto_generated|_~7              ; |SELECTlap|lpm_mux:Mux6|mux_cfc:auto_generated|_~7              ; out0             ;
; |SELECTlap|lpm_mux:Mux6|mux_cfc:auto_generated|_~8              ; |SELECTlap|lpm_mux:Mux6|mux_cfc:auto_generated|_~8              ; out0             ;
; |SELECTlap|lpm_mux:Mux6|mux_cfc:auto_generated|result_node[0]~0 ; |SELECTlap|lpm_mux:Mux6|mux_cfc:auto_generated|result_node[0]~0 ; out0             ;
; |SELECTlap|lpm_mux:Mux6|mux_cfc:auto_generated|_~9              ; |SELECTlap|lpm_mux:Mux6|mux_cfc:auto_generated|_~9              ; out0             ;
; |SELECTlap|lpm_mux:Mux6|mux_cfc:auto_generated|_~10             ; |SELECTlap|lpm_mux:Mux6|mux_cfc:auto_generated|_~10             ; out0             ;
; |SELECTlap|lpm_mux:Mux6|mux_cfc:auto_generated|_~11             ; |SELECTlap|lpm_mux:Mux6|mux_cfc:auto_generated|_~11             ; out0             ;
; |SELECTlap|lpm_mux:Mux6|mux_cfc:auto_generated|_~12             ; |SELECTlap|lpm_mux:Mux6|mux_cfc:auto_generated|_~12             ; out0             ;
; |SELECTlap|lpm_mux:Mux6|mux_cfc:auto_generated|_~13             ; |SELECTlap|lpm_mux:Mux6|mux_cfc:auto_generated|_~13             ; out0             ;
; |SELECTlap|lpm_mux:Mux6|mux_cfc:auto_generated|_~14             ; |SELECTlap|lpm_mux:Mux6|mux_cfc:auto_generated|_~14             ; out0             ;
; |SELECTlap|lpm_mux:Mux6|mux_cfc:auto_generated|_~15             ; |SELECTlap|lpm_mux:Mux6|mux_cfc:auto_generated|_~15             ; out0             ;
; |SELECTlap|lpm_mux:Mux6|mux_cfc:auto_generated|_~16             ; |SELECTlap|lpm_mux:Mux6|mux_cfc:auto_generated|_~16             ; out0             ;
; |SELECTlap|lpm_mux:Mux6|mux_cfc:auto_generated|_~17             ; |SELECTlap|lpm_mux:Mux6|mux_cfc:auto_generated|_~17             ; out0             ;
; |SELECTlap|lpm_mux:Mux6|mux_cfc:auto_generated|result_node[0]~1 ; |SELECTlap|lpm_mux:Mux6|mux_cfc:auto_generated|result_node[0]~1 ; out0             ;
; |SELECTlap|lpm_mux:Mux6|mux_cfc:auto_generated|result_node[0]   ; |SELECTlap|lpm_mux:Mux6|mux_cfc:auto_generated|result_node[0]   ; out0             ;
; |SELECTlap|lpm_mux:Mux5|mux_cfc:auto_generated|_~0              ; |SELECTlap|lpm_mux:Mux5|mux_cfc:auto_generated|_~0              ; out0             ;
; |SELECTlap|lpm_mux:Mux5|mux_cfc:auto_generated|_~1              ; |SELECTlap|lpm_mux:Mux5|mux_cfc:auto_generated|_~1              ; out0             ;
; |SELECTlap|lpm_mux:Mux5|mux_cfc:auto_generated|_~2              ; |SELECTlap|lpm_mux:Mux5|mux_cfc:auto_generated|_~2              ; out0             ;
; |SELECTlap|lpm_mux:Mux5|mux_cfc:auto_generated|_~3              ; |SELECTlap|lpm_mux:Mux5|mux_cfc:auto_generated|_~3              ; out0             ;
; |SELECTlap|lpm_mux:Mux5|mux_cfc:auto_generated|_~4              ; |SELECTlap|lpm_mux:Mux5|mux_cfc:auto_generated|_~4              ; out0             ;
; |SELECTlap|lpm_mux:Mux5|mux_cfc:auto_generated|_~5              ; |SELECTlap|lpm_mux:Mux5|mux_cfc:auto_generated|_~5              ; out0             ;
; |SELECTlap|lpm_mux:Mux5|mux_cfc:auto_generated|_~6              ; |SELECTlap|lpm_mux:Mux5|mux_cfc:auto_generated|_~6              ; out0             ;
; |SELECTlap|lpm_mux:Mux5|mux_cfc:auto_generated|_~7              ; |SELECTlap|lpm_mux:Mux5|mux_cfc:auto_generated|_~7              ; out0             ;
; |SELECTlap|lpm_mux:Mux5|mux_cfc:auto_generated|_~8              ; |SELECTlap|lpm_mux:Mux5|mux_cfc:auto_generated|_~8              ; out0             ;
; |SELECTlap|lpm_mux:Mux5|mux_cfc:auto_generated|result_node[0]~0 ; |SELECTlap|lpm_mux:Mux5|mux_cfc:auto_generated|result_node[0]~0 ; out0             ;
; |SELECTlap|lpm_mux:Mux5|mux_cfc:auto_generated|_~9              ; |SELECTlap|lpm_mux:Mux5|mux_cfc:auto_generated|_~9              ; out0             ;
; |SELECTlap|lpm_mux:Mux5|mux_cfc:auto_generated|_~10             ; |SELECTlap|lpm_mux:Mux5|mux_cfc:auto_generated|_~10             ; out0             ;
; |SELECTlap|lpm_mux:Mux5|mux_cfc:auto_generated|_~11             ; |SELECTlap|lpm_mux:Mux5|mux_cfc:auto_generated|_~11             ; out0             ;
; |SELECTlap|lpm_mux:Mux5|mux_cfc:auto_generated|_~12             ; |SELECTlap|lpm_mux:Mux5|mux_cfc:auto_generated|_~12             ; out0             ;
; |SELECTlap|lpm_mux:Mux5|mux_cfc:auto_generated|_~13             ; |SELECTlap|lpm_mux:Mux5|mux_cfc:auto_generated|_~13             ; out0             ;
; |SELECTlap|lpm_mux:Mux5|mux_cfc:auto_generated|_~14             ; |SELECTlap|lpm_mux:Mux5|mux_cfc:auto_generated|_~14             ; out0             ;
; |SELECTlap|lpm_mux:Mux5|mux_cfc:auto_generated|_~15             ; |SELECTlap|lpm_mux:Mux5|mux_cfc:auto_generated|_~15             ; out0             ;
; |SELECTlap|lpm_mux:Mux5|mux_cfc:auto_generated|_~16             ; |SELECTlap|lpm_mux:Mux5|mux_cfc:auto_generated|_~16             ; out0             ;
; |SELECTlap|lpm_mux:Mux5|mux_cfc:auto_generated|_~17             ; |SELECTlap|lpm_mux:Mux5|mux_cfc:auto_generated|_~17             ; out0             ;
; |SELECTlap|lpm_mux:Mux5|mux_cfc:auto_generated|result_node[0]~1 ; |SELECTlap|lpm_mux:Mux5|mux_cfc:auto_generated|result_node[0]~1 ; out0             ;
; |SELECTlap|lpm_mux:Mux5|mux_cfc:auto_generated|result_node[0]   ; |SELECTlap|lpm_mux:Mux5|mux_cfc:auto_generated|result_node[0]   ; out0             ;
; |SELECTlap|lpm_mux:Mux4|mux_cfc:auto_generated|_~0              ; |SELECTlap|lpm_mux:Mux4|mux_cfc:auto_generated|_~0              ; out0             ;
; |SELECTlap|lpm_mux:Mux4|mux_cfc:auto_generated|_~1              ; |SELECTlap|lpm_mux:Mux4|mux_cfc:auto_generated|_~1              ; out0             ;
; |SELECTlap|lpm_mux:Mux4|mux_cfc:auto_generated|_~2              ; |SELECTlap|lpm_mux:Mux4|mux_cfc:auto_generated|_~2              ; out0             ;
; |SELECTlap|lpm_mux:Mux4|mux_cfc:auto_generated|_~3              ; |SELECTlap|lpm_mux:Mux4|mux_cfc:auto_generated|_~3              ; out0             ;
; |SELECTlap|lpm_mux:Mux4|mux_cfc:auto_generated|_~4              ; |SELECTlap|lpm_mux:Mux4|mux_cfc:auto_generated|_~4              ; out0             ;
; |SELECTlap|lpm_mux:Mux4|mux_cfc:auto_generated|_~5              ; |SELECTlap|lpm_mux:Mux4|mux_cfc:auto_generated|_~5              ; out0             ;
; |SELECTlap|lpm_mux:Mux4|mux_cfc:auto_generated|_~6              ; |SELECTlap|lpm_mux:Mux4|mux_cfc:auto_generated|_~6              ; out0             ;
; |SELECTlap|lpm_mux:Mux4|mux_cfc:auto_generated|_~7              ; |SELECTlap|lpm_mux:Mux4|mux_cfc:auto_generated|_~7              ; out0             ;
; |SELECTlap|lpm_mux:Mux4|mux_cfc:auto_generated|_~8              ; |SELECTlap|lpm_mux:Mux4|mux_cfc:auto_generated|_~8              ; out0             ;
; |SELECTlap|lpm_mux:Mux4|mux_cfc:auto_generated|result_node[0]~0 ; |SELECTlap|lpm_mux:Mux4|mux_cfc:auto_generated|result_node[0]~0 ; out0             ;
; |SELECTlap|lpm_mux:Mux4|mux_cfc:auto_generated|_~9              ; |SELECTlap|lpm_mux:Mux4|mux_cfc:auto_generated|_~9              ; out0             ;
; |SELECTlap|lpm_mux:Mux4|mux_cfc:auto_generated|_~10             ; |SELECTlap|lpm_mux:Mux4|mux_cfc:auto_generated|_~10             ; out0             ;
; |SELECTlap|lpm_mux:Mux4|mux_cfc:auto_generated|_~11             ; |SELECTlap|lpm_mux:Mux4|mux_cfc:auto_generated|_~11             ; out0             ;
; |SELECTlap|lpm_mux:Mux4|mux_cfc:auto_generated|_~12             ; |SELECTlap|lpm_mux:Mux4|mux_cfc:auto_generated|_~12             ; out0             ;
; |SELECTlap|lpm_mux:Mux4|mux_cfc:auto_generated|_~13             ; |SELECTlap|lpm_mux:Mux4|mux_cfc:auto_generated|_~13             ; out0             ;
; |SELECTlap|lpm_mux:Mux4|mux_cfc:auto_generated|_~14             ; |SELECTlap|lpm_mux:Mux4|mux_cfc:auto_generated|_~14             ; out0             ;
; |SELECTlap|lpm_mux:Mux4|mux_cfc:auto_generated|_~15             ; |SELECTlap|lpm_mux:Mux4|mux_cfc:auto_generated|_~15             ; out0             ;
; |SELECTlap|lpm_mux:Mux4|mux_cfc:auto_generated|_~16             ; |SELECTlap|lpm_mux:Mux4|mux_cfc:auto_generated|_~16             ; out0             ;
; |SELECTlap|lpm_mux:Mux4|mux_cfc:auto_generated|_~17             ; |SELECTlap|lpm_mux:Mux4|mux_cfc:auto_generated|_~17             ; out0             ;
; |SELECTlap|lpm_mux:Mux4|mux_cfc:auto_generated|result_node[0]~1 ; |SELECTlap|lpm_mux:Mux4|mux_cfc:auto_generated|result_node[0]~1 ; out0             ;
; |SELECTlap|lpm_mux:Mux4|mux_cfc:auto_generated|result_node[0]   ; |SELECTlap|lpm_mux:Mux4|mux_cfc:auto_generated|result_node[0]   ; out0             ;
; |SELECTlap|lpm_mux:Mux3|mux_cfc:auto_generated|_~0              ; |SELECTlap|lpm_mux:Mux3|mux_cfc:auto_generated|_~0              ; out0             ;
; |SELECTlap|lpm_mux:Mux3|mux_cfc:auto_generated|_~1              ; |SELECTlap|lpm_mux:Mux3|mux_cfc:auto_generated|_~1              ; out0             ;
; |SELECTlap|lpm_mux:Mux3|mux_cfc:auto_generated|_~2              ; |SELECTlap|lpm_mux:Mux3|mux_cfc:auto_generated|_~2              ; out0             ;
; |SELECTlap|lpm_mux:Mux3|mux_cfc:auto_generated|_~3              ; |SELECTlap|lpm_mux:Mux3|mux_cfc:auto_generated|_~3              ; out0             ;
; |SELECTlap|lpm_mux:Mux3|mux_cfc:auto_generated|_~4              ; |SELECTlap|lpm_mux:Mux3|mux_cfc:auto_generated|_~4              ; out0             ;
; |SELECTlap|lpm_mux:Mux3|mux_cfc:auto_generated|_~5              ; |SELECTlap|lpm_mux:Mux3|mux_cfc:auto_generated|_~5              ; out0             ;
; |SELECTlap|lpm_mux:Mux3|mux_cfc:auto_generated|_~6              ; |SELECTlap|lpm_mux:Mux3|mux_cfc:auto_generated|_~6              ; out0             ;
; |SELECTlap|lpm_mux:Mux3|mux_cfc:auto_generated|_~7              ; |SELECTlap|lpm_mux:Mux3|mux_cfc:auto_generated|_~7              ; out0             ;
; |SELECTlap|lpm_mux:Mux3|mux_cfc:auto_generated|_~8              ; |SELECTlap|lpm_mux:Mux3|mux_cfc:auto_generated|_~8              ; out0             ;
; |SELECTlap|lpm_mux:Mux3|mux_cfc:auto_generated|result_node[0]~0 ; |SELECTlap|lpm_mux:Mux3|mux_cfc:auto_generated|result_node[0]~0 ; out0             ;
; |SELECTlap|lpm_mux:Mux3|mux_cfc:auto_generated|_~9              ; |SELECTlap|lpm_mux:Mux3|mux_cfc:auto_generated|_~9              ; out0             ;
; |SELECTlap|lpm_mux:Mux3|mux_cfc:auto_generated|_~10             ; |SELECTlap|lpm_mux:Mux3|mux_cfc:auto_generated|_~10             ; out0             ;
; |SELECTlap|lpm_mux:Mux3|mux_cfc:auto_generated|_~11             ; |SELECTlap|lpm_mux:Mux3|mux_cfc:auto_generated|_~11             ; out0             ;
; |SELECTlap|lpm_mux:Mux3|mux_cfc:auto_generated|_~12             ; |SELECTlap|lpm_mux:Mux3|mux_cfc:auto_generated|_~12             ; out0             ;
; |SELECTlap|lpm_mux:Mux3|mux_cfc:auto_generated|_~13             ; |SELECTlap|lpm_mux:Mux3|mux_cfc:auto_generated|_~13             ; out0             ;
; |SELECTlap|lpm_mux:Mux3|mux_cfc:auto_generated|_~14             ; |SELECTlap|lpm_mux:Mux3|mux_cfc:auto_generated|_~14             ; out0             ;
; |SELECTlap|lpm_mux:Mux3|mux_cfc:auto_generated|_~15             ; |SELECTlap|lpm_mux:Mux3|mux_cfc:auto_generated|_~15             ; out0             ;
; |SELECTlap|lpm_mux:Mux3|mux_cfc:auto_generated|_~16             ; |SELECTlap|lpm_mux:Mux3|mux_cfc:auto_generated|_~16             ; out0             ;
; |SELECTlap|lpm_mux:Mux3|mux_cfc:auto_generated|_~17             ; |SELECTlap|lpm_mux:Mux3|mux_cfc:auto_generated|_~17             ; out0             ;
; |SELECTlap|lpm_mux:Mux3|mux_cfc:auto_generated|result_node[0]~1 ; |SELECTlap|lpm_mux:Mux3|mux_cfc:auto_generated|result_node[0]~1 ; out0             ;
; |SELECTlap|lpm_mux:Mux3|mux_cfc:auto_generated|result_node[0]   ; |SELECTlap|lpm_mux:Mux3|mux_cfc:auto_generated|result_node[0]   ; out0             ;
; |SELECTlap|lpm_mux:Mux2|mux_cfc:auto_generated|_~0              ; |SELECTlap|lpm_mux:Mux2|mux_cfc:auto_generated|_~0              ; out0             ;
; |SELECTlap|lpm_mux:Mux2|mux_cfc:auto_generated|_~1              ; |SELECTlap|lpm_mux:Mux2|mux_cfc:auto_generated|_~1              ; out0             ;
; |SELECTlap|lpm_mux:Mux2|mux_cfc:auto_generated|_~2              ; |SELECTlap|lpm_mux:Mux2|mux_cfc:auto_generated|_~2              ; out0             ;
; |SELECTlap|lpm_mux:Mux2|mux_cfc:auto_generated|_~3              ; |SELECTlap|lpm_mux:Mux2|mux_cfc:auto_generated|_~3              ; out0             ;
; |SELECTlap|lpm_mux:Mux2|mux_cfc:auto_generated|_~4              ; |SELECTlap|lpm_mux:Mux2|mux_cfc:auto_generated|_~4              ; out0             ;
; |SELECTlap|lpm_mux:Mux2|mux_cfc:auto_generated|_~5              ; |SELECTlap|lpm_mux:Mux2|mux_cfc:auto_generated|_~5              ; out0             ;
; |SELECTlap|lpm_mux:Mux2|mux_cfc:auto_generated|_~6              ; |SELECTlap|lpm_mux:Mux2|mux_cfc:auto_generated|_~6              ; out0             ;
; |SELECTlap|lpm_mux:Mux2|mux_cfc:auto_generated|_~7              ; |SELECTlap|lpm_mux:Mux2|mux_cfc:auto_generated|_~7              ; out0             ;
; |SELECTlap|lpm_mux:Mux2|mux_cfc:auto_generated|_~8              ; |SELECTlap|lpm_mux:Mux2|mux_cfc:auto_generated|_~8              ; out0             ;
; |SELECTlap|lpm_mux:Mux2|mux_cfc:auto_generated|result_node[0]~0 ; |SELECTlap|lpm_mux:Mux2|mux_cfc:auto_generated|result_node[0]~0 ; out0             ;
; |SELECTlap|lpm_mux:Mux2|mux_cfc:auto_generated|_~9              ; |SELECTlap|lpm_mux:Mux2|mux_cfc:auto_generated|_~9              ; out0             ;
; |SELECTlap|lpm_mux:Mux2|mux_cfc:auto_generated|_~10             ; |SELECTlap|lpm_mux:Mux2|mux_cfc:auto_generated|_~10             ; out0             ;
; |SELECTlap|lpm_mux:Mux2|mux_cfc:auto_generated|_~11             ; |SELECTlap|lpm_mux:Mux2|mux_cfc:auto_generated|_~11             ; out0             ;
; |SELECTlap|lpm_mux:Mux2|mux_cfc:auto_generated|_~12             ; |SELECTlap|lpm_mux:Mux2|mux_cfc:auto_generated|_~12             ; out0             ;
; |SELECTlap|lpm_mux:Mux2|mux_cfc:auto_generated|_~13             ; |SELECTlap|lpm_mux:Mux2|mux_cfc:auto_generated|_~13             ; out0             ;
; |SELECTlap|lpm_mux:Mux2|mux_cfc:auto_generated|_~14             ; |SELECTlap|lpm_mux:Mux2|mux_cfc:auto_generated|_~14             ; out0             ;
; |SELECTlap|lpm_mux:Mux2|mux_cfc:auto_generated|_~15             ; |SELECTlap|lpm_mux:Mux2|mux_cfc:auto_generated|_~15             ; out0             ;
; |SELECTlap|lpm_mux:Mux2|mux_cfc:auto_generated|_~16             ; |SELECTlap|lpm_mux:Mux2|mux_cfc:auto_generated|_~16             ; out0             ;
; |SELECTlap|lpm_mux:Mux2|mux_cfc:auto_generated|_~17             ; |SELECTlap|lpm_mux:Mux2|mux_cfc:auto_generated|_~17             ; out0             ;
; |SELECTlap|lpm_mux:Mux2|mux_cfc:auto_generated|result_node[0]~1 ; |SELECTlap|lpm_mux:Mux2|mux_cfc:auto_generated|result_node[0]~1 ; out0             ;
; |SELECTlap|lpm_mux:Mux2|mux_cfc:auto_generated|result_node[0]   ; |SELECTlap|lpm_mux:Mux2|mux_cfc:auto_generated|result_node[0]   ; out0             ;
; |SELECTlap|lpm_mux:Mux1|mux_cfc:auto_generated|_~0              ; |SELECTlap|lpm_mux:Mux1|mux_cfc:auto_generated|_~0              ; out0             ;
; |SELECTlap|lpm_mux:Mux1|mux_cfc:auto_generated|_~1              ; |SELECTlap|lpm_mux:Mux1|mux_cfc:auto_generated|_~1              ; out0             ;
; |SELECTlap|lpm_mux:Mux1|mux_cfc:auto_generated|_~3              ; |SELECTlap|lpm_mux:Mux1|mux_cfc:auto_generated|_~3              ; out0             ;
; |SELECTlap|lpm_mux:Mux1|mux_cfc:auto_generated|_~5              ; |SELECTlap|lpm_mux:Mux1|mux_cfc:auto_generated|_~5              ; out0             ;
; |SELECTlap|lpm_mux:Mux1|mux_cfc:auto_generated|_~6              ; |SELECTlap|lpm_mux:Mux1|mux_cfc:auto_generated|_~6              ; out0             ;
; |SELECTlap|lpm_mux:Mux1|mux_cfc:auto_generated|_~7              ; |SELECTlap|lpm_mux:Mux1|mux_cfc:auto_generated|_~7              ; out0             ;
; |SELECTlap|lpm_mux:Mux1|mux_cfc:auto_generated|_~8              ; |SELECTlap|lpm_mux:Mux1|mux_cfc:auto_generated|_~8              ; out0             ;
; |SELECTlap|lpm_mux:Mux1|mux_cfc:auto_generated|result_node[0]~0 ; |SELECTlap|lpm_mux:Mux1|mux_cfc:auto_generated|result_node[0]~0 ; out0             ;
; |SELECTlap|lpm_mux:Mux1|mux_cfc:auto_generated|_~9              ; |SELECTlap|lpm_mux:Mux1|mux_cfc:auto_generated|_~9              ; out0             ;
; |SELECTlap|lpm_mux:Mux1|mux_cfc:auto_generated|_~11             ; |SELECTlap|lpm_mux:Mux1|mux_cfc:auto_generated|_~11             ; out0             ;
; |SELECTlap|lpm_mux:Mux1|mux_cfc:auto_generated|_~13             ; |SELECTlap|lpm_mux:Mux1|mux_cfc:auto_generated|_~13             ; out0             ;
; |SELECTlap|lpm_mux:Mux1|mux_cfc:auto_generated|_~14             ; |SELECTlap|lpm_mux:Mux1|mux_cfc:auto_generated|_~14             ; out0             ;
; |SELECTlap|lpm_mux:Mux1|mux_cfc:auto_generated|_~15             ; |SELECTlap|lpm_mux:Mux1|mux_cfc:auto_generated|_~15             ; out0             ;
; |SELECTlap|lpm_mux:Mux1|mux_cfc:auto_generated|_~16             ; |SELECTlap|lpm_mux:Mux1|mux_cfc:auto_generated|_~16             ; out0             ;
; |SELECTlap|lpm_mux:Mux1|mux_cfc:auto_generated|_~17             ; |SELECTlap|lpm_mux:Mux1|mux_cfc:auto_generated|_~17             ; out0             ;
; |SELECTlap|lpm_mux:Mux1|mux_cfc:auto_generated|result_node[0]   ; |SELECTlap|lpm_mux:Mux1|mux_cfc:auto_generated|result_node[0]   ; out0             ;
; |SELECTlap|lpm_mux:Mux0|mux_cfc:auto_generated|_~0              ; |SELECTlap|lpm_mux:Mux0|mux_cfc:auto_generated|_~0              ; out0             ;
; |SELECTlap|lpm_mux:Mux0|mux_cfc:auto_generated|_~1              ; |SELECTlap|lpm_mux:Mux0|mux_cfc:auto_generated|_~1              ; out0             ;
; |SELECTlap|lpm_mux:Mux0|mux_cfc:auto_generated|_~2              ; |SELECTlap|lpm_mux:Mux0|mux_cfc:auto_generated|_~2              ; out0             ;
; |SELECTlap|lpm_mux:Mux0|mux_cfc:auto_generated|_~3              ; |SELECTlap|lpm_mux:Mux0|mux_cfc:auto_generated|_~3              ; out0             ;
; |SELECTlap|lpm_mux:Mux0|mux_cfc:auto_generated|_~6              ; |SELECTlap|lpm_mux:Mux0|mux_cfc:auto_generated|_~6              ; out0             ;
; |SELECTlap|lpm_mux:Mux0|mux_cfc:auto_generated|_~7              ; |SELECTlap|lpm_mux:Mux0|mux_cfc:auto_generated|_~7              ; out0             ;
; |SELECTlap|lpm_mux:Mux0|mux_cfc:auto_generated|_~8              ; |SELECTlap|lpm_mux:Mux0|mux_cfc:auto_generated|_~8              ; out0             ;
; |SELECTlap|lpm_mux:Mux0|mux_cfc:auto_generated|result_node[0]~0 ; |SELECTlap|lpm_mux:Mux0|mux_cfc:auto_generated|result_node[0]~0 ; out0             ;
; |SELECTlap|lpm_mux:Mux0|mux_cfc:auto_generated|_~9              ; |SELECTlap|lpm_mux:Mux0|mux_cfc:auto_generated|_~9              ; out0             ;
; |SELECTlap|lpm_mux:Mux0|mux_cfc:auto_generated|_~10             ; |SELECTlap|lpm_mux:Mux0|mux_cfc:auto_generated|_~10             ; out0             ;
; |SELECTlap|lpm_mux:Mux0|mux_cfc:auto_generated|_~11             ; |SELECTlap|lpm_mux:Mux0|mux_cfc:auto_generated|_~11             ; out0             ;
; |SELECTlap|lpm_mux:Mux0|mux_cfc:auto_generated|_~14             ; |SELECTlap|lpm_mux:Mux0|mux_cfc:auto_generated|_~14             ; out0             ;
; |SELECTlap|lpm_mux:Mux0|mux_cfc:auto_generated|_~15             ; |SELECTlap|lpm_mux:Mux0|mux_cfc:auto_generated|_~15             ; out0             ;
; |SELECTlap|lpm_mux:Mux0|mux_cfc:auto_generated|_~16             ; |SELECTlap|lpm_mux:Mux0|mux_cfc:auto_generated|_~16             ; out0             ;
; |SELECTlap|lpm_mux:Mux0|mux_cfc:auto_generated|_~17             ; |SELECTlap|lpm_mux:Mux0|mux_cfc:auto_generated|_~17             ; out0             ;
; |SELECTlap|lpm_mux:Mux0|mux_cfc:auto_generated|result_node[0]~1 ; |SELECTlap|lpm_mux:Mux0|mux_cfc:auto_generated|result_node[0]~1 ; out0             ;
; |SELECTlap|lpm_mux:Mux0|mux_cfc:auto_generated|result_node[0]   ; |SELECTlap|lpm_mux:Mux0|mux_cfc:auto_generated|result_node[0]   ; out0             ;
+-----------------------------------------------------------------+-----------------------------------------------------------------+------------------+


The following table displays output ports that do not toggle to 1 during simulation.
+------------------------------------------------------------------------------------------------------------------------------------------------------+
; Missing 1-Value Coverage                                                                                                                             ;
+-----------------------------------------------------------------+-----------------------------------------------------------------+------------------+
; Node Name                                                       ; Output Port Name                                                ; Output Port Type ;
+-----------------------------------------------------------------+-----------------------------------------------------------------+------------------+
; |SELECTlap|out1[1]~2                                            ; |SELECTlap|out1[1]~2                                            ; out              ;
; |SELECTlap|PCi[7]                                               ; |SELECTlap|PCi[7]                                               ; out              ;
; |SELECTlap|Bi[7]                                                ; |SELECTlap|Bi[7]                                                ; out              ;
; |SELECTlap|out1[1]                                              ; |SELECTlap|out1[1]                                              ; pin_out          ;
; |SELECTlap|lpm_mux:Mux8|mux_cfc:auto_generated|_~5              ; |SELECTlap|lpm_mux:Mux8|mux_cfc:auto_generated|_~5              ; out0             ;
; |SELECTlap|lpm_mux:Mux8|mux_cfc:auto_generated|_~13             ; |SELECTlap|lpm_mux:Mux8|mux_cfc:auto_generated|_~13             ; out0             ;
; |SELECTlap|lpm_mux:Mux7|mux_cfc:auto_generated|_~2              ; |SELECTlap|lpm_mux:Mux7|mux_cfc:auto_generated|_~2              ; out0             ;
; |SELECTlap|lpm_mux:Mux7|mux_cfc:auto_generated|_~4              ; |SELECTlap|lpm_mux:Mux7|mux_cfc:auto_generated|_~4              ; out0             ;
; |SELECTlap|lpm_mux:Mux7|mux_cfc:auto_generated|_~10             ; |SELECTlap|lpm_mux:Mux7|mux_cfc:auto_generated|_~10             ; out0             ;
; |SELECTlap|lpm_mux:Mux7|mux_cfc:auto_generated|_~12             ; |SELECTlap|lpm_mux:Mux7|mux_cfc:auto_generated|_~12             ; out0             ;
; |SELECTlap|lpm_mux:Mux1|mux_cfc:auto_generated|_~2              ; |SELECTlap|lpm_mux:Mux1|mux_cfc:auto_generated|_~2              ; out0             ;
; |SELECTlap|lpm_mux:Mux1|mux_cfc:auto_generated|_~4              ; |SELECTlap|lpm_mux:Mux1|mux_cfc:auto_generated|_~4              ; out0             ;
; |SELECTlap|lpm_mux:Mux1|mux_cfc:auto_generated|_~10             ; |SELECTlap|lpm_mux:Mux1|mux_cfc:auto_generated|_~10             ; out0             ;
; |SELECTlap|lpm_mux:Mux1|mux_cfc:auto_generated|_~12             ; |SELECTlap|lpm_mux:Mux1|mux_cfc:auto_generated|_~12             ; out0             ;
; |SELECTlap|lpm_mux:Mux1|mux_cfc:auto_generated|result_node[0]~1 ; |SELECTlap|lpm_mux:Mux1|mux_cfc:auto_generated|result_node[0]~1 ; out0             ;
; |SELECTlap|lpm_mux:Mux0|mux_cfc:auto_generated|_~4              ; |SELECTlap|lpm_mux:Mux0|mux_cfc:auto_generated|_~4              ; out0             ;
; |SELECTlap|lpm_mux:Mux0|mux_cfc:auto_generated|_~5              ; |SELECTlap|lpm_mux:Mux0|mux_cfc:auto_generated|_~5              ; out0             ;
; |SELECTlap|lpm_mux:Mux0|mux_cfc:auto_generated|_~12             ; |SELECTlap|lpm_mux:Mux0|mux_cfc:auto_generated|_~12             ; out0             ;
; |SELECTlap|lpm_mux:Mux0|mux_cfc:auto_generated|_~13             ; |SELECTlap|lpm_mux:Mux0|mux_cfc:auto_generated|_~13             ; out0             ;
+-----------------------------------------------------------------+-----------------------------------------------------------------+------------------+


The following table displays output ports that do not toggle to 0 during simulation.
+------------------------------------------------------------------------------------------------------------------------------------------------------+
; Missing 0-Value Coverage                                                                                                                             ;
+-----------------------------------------------------------------+-----------------------------------------------------------------+------------------+
; Node Name                                                       ; Output Port Name                                                ; Output Port Type ;
+-----------------------------------------------------------------+-----------------------------------------------------------------+------------------+
; |SELECTlap|PCi[6]                                               ; |SELECTlap|PCi[6]                                               ; out              ;
; |SELECTlap|PCi[7]                                               ; |SELECTlap|PCi[7]                                               ; out              ;
; |SELECTlap|Ai[7]                                                ; |SELECTlap|Ai[7]                                                ; out              ;
; |SELECTlap|lpm_mux:Mux8|mux_cfc:auto_generated|_~5              ; |SELECTlap|lpm_mux:Mux8|mux_cfc:auto_generated|_~5              ; out0             ;
; |SELECTlap|lpm_mux:Mux8|mux_cfc:auto_generated|_~13             ; |SELECTlap|lpm_mux:Mux8|mux_cfc:auto_generated|_~13             ; out0             ;
; |SELECTlap|lpm_mux:Mux7|mux_cfc:auto_generated|_~2              ; |SELECTlap|lpm_mux:Mux7|mux_cfc:auto_generated|_~2              ; out0             ;
; |SELECTlap|lpm_mux:Mux7|mux_cfc:auto_generated|_~4              ; |SELECTlap|lpm_mux:Mux7|mux_cfc:auto_generated|_~4              ; out0             ;
; |SELECTlap|lpm_mux:Mux7|mux_cfc:auto_generated|_~10             ; |SELECTlap|lpm_mux:Mux7|mux_cfc:auto_generated|_~10             ; out0             ;
; |SELECTlap|lpm_mux:Mux7|mux_cfc:auto_generated|_~12             ; |SELECTlap|lpm_mux:Mux7|mux_cfc:auto_generated|_~12             ; out0             ;
; |SELECTlap|lpm_mux:Mux1|mux_cfc:auto_generated|_~2              ; |SELECTlap|lpm_mux:Mux1|mux_cfc:auto_generated|_~2              ; out0             ;
; |SELECTlap|lpm_mux:Mux1|mux_cfc:auto_generated|_~4              ; |SELECTlap|lpm_mux:Mux1|mux_cfc:auto_generated|_~4              ; out0             ;
; |SELECTlap|lpm_mux:Mux1|mux_cfc:auto_generated|_~10             ; |SELECTlap|lpm_mux:Mux1|mux_cfc:auto_generated|_~10             ; out0             ;
; |SELECTlap|lpm_mux:Mux1|mux_cfc:auto_generated|_~12             ; |SELECTlap|lpm_mux:Mux1|mux_cfc:auto_generated|_~12             ; out0             ;
; |SELECTlap|lpm_mux:Mux1|mux_cfc:auto_generated|result_node[0]~1 ; |SELECTlap|lpm_mux:Mux1|mux_cfc:auto_generated|result_node[0]~1 ; out0             ;
; |SELECTlap|lpm_mux:Mux0|mux_cfc:auto_generated|_~4              ; |SELECTlap|lpm_mux:Mux0|mux_cfc:auto_generated|_~4              ; out0             ;
; |SELECTlap|lpm_mux:Mux0|mux_cfc:auto_generated|_~5              ; |SELECTlap|lpm_mux:Mux0|mux_cfc:auto_generated|_~5              ; out0             ;
; |SELECTlap|lpm_mux:Mux0|mux_cfc:auto_generated|_~12             ; |SELECTlap|lpm_mux:Mux0|mux_cfc:auto_generated|_~12             ; out0             ;
; |SELECTlap|lpm_mux:Mux0|mux_cfc:auto_generated|_~13             ; |SELECTlap|lpm_mux:Mux0|mux_cfc:auto_generated|_~13             ; out0             ;
+-----------------------------------------------------------------+-----------------------------------------------------------------+------------------+


+---------------------+
; Simulator INI Usage ;
+--------+------------+
; Option ; Usage      ;
+--------+------------+


+--------------------+
; Simulator Messages ;
+--------------------+
Info: *******************************************************************
Info: Running Quartus II 64-Bit Simulator
    Info: Version 13.0.1 Build 232 06/12/2013 Service Pack 1 SJ Full Version
    Info: Processing started: Thu Dec 19 19:54:33 2019
Info: Command: quartus_sim --simulation_results_format=VWF SELECTlap -c SELECTlap
Info (324025): Using vector source file "C:/Users/lap/Downloads/Quartus/Projects/CPU/SELETlap/SELECTlap.vwf"
Info (310003): Option to preserve fewer signal transitions to reduce memory requirements is enabled
    Info (310004): Simulation has been partitioned into sub-simulations according to the maximum transition count determined by the engine. Transitions from memory will be flushed out to disk at the end of each sub-simulation to reduce memory requirements.
Info (310002): Simulation partitioned into 1 sub-simulations
Info (328053): Simulation coverage is      90.91 %
Info (328052): Number of transitions in simulation is 16182
Info (324045): Vector file SELECTlap.sim.vwf is saved in VWF text format. You can compress it into CVWF format in order to reduce file size. For more details please refer to the Quartus II Help.
Info: Quartus II 64-Bit Simulator was successful. 0 errors, 0 warnings
    Info: Peak virtual memory: 375 megabytes
    Info: Processing ended: Thu Dec 19 19:54:33 2019
    Info: Elapsed time: 00:00:00
    Info: Total CPU time (on all processors): 00:00:01


